<?xml version="1.0" encoding="UTF-8"?>
<!-- Generated by org.testng.reporters.JUnitReportReporter -->
<testsuite skipped="0" hostname="IBM651-PC0BY5PB" name="com.test.testfactory.DataProviderTest" tests="4" failures="0" timestamp="18 Oct 2018 07:38:49 GMT" time="0.022" errors="0">
  <testcase name="testMethodOne" time="0.001" classname="com.test.testfactory.DataProviderTest"/>
  <testcase name="testMethodTwo" time="0.002" classname="com.test.testfactory.DataProviderTest"/>
  <testcase name="testMethodOne" time="0.017" classname="com.test.testfactory.DataProviderTest"/>
  <testcase name="testMethodTwo" time="0.002" classname="com.test.testfactory.DataProviderTest"/>
</testsuite> <!-- com.test.testfactory.DataProviderTest -->
