<?xml version="1.0" encoding="UTF-8"?>
<!-- Generated by org.testng.reporters.JUnitReportReporter -->
<testsuite skipped="0" hostname="IBM651-PC0BY5PB" name="com.test.testfactory.ExternalDataProviderTest" tests="4" failures="0" timestamp="18 Oct 2018 07:52:27 GMT" time="0.064" errors="0">
  <testcase name="testMethodTwo" time="0.016" classname="com.test.testfactory.ExternalDataProviderTest"/>
  <testcase name="testMethodOne" time="0.016" classname="com.test.testfactory.ExternalDataProviderTest"/>
  <testcase name="testMethodOne" time="0.032" classname="com.test.testfactory.ExternalDataProviderTest"/>
  <testcase name="testMethodTwo" time="0.000" classname="com.test.testfactory.ExternalDataProviderTest"/>
</testsuite> <!-- com.test.testfactory.ExternalDataProviderTest -->
