<?xml version="1.0" encoding="UTF-8"?>
<!-- Generated by org.testng.reporters.JUnitReportReporter -->
<testsuite skipped="0" hostname="IBM651-PC0BY5PB" name="com.test.testfactory.TestFactory$TestInstance" tests="10" failures="0" timestamp="17 Oct 2018 07:58:26 GMT" time="0.052" errors="0">
  <testcase name="testMethod1" time="0.002" classname="com.test.testfactory.TestFactory$TestInstance"/>
  <testcase name="testMethod2" time="0.002" classname="com.test.testfactory.TestFactory$TestInstance"/>
  <testcase name="testMethod1" time="0.017" classname="com.test.testfactory.TestFactory$TestInstance"/>
  <testcase name="testMethod2" time="0.001" classname="com.test.testfactory.TestFactory$TestInstance"/>
  <testcase name="testMethod1" time="0.016" classname="com.test.testfactory.TestFactory$TestInstance"/>
  <testcase name="testMethod1" time="0.003" classname="com.test.testfactory.TestFactory$TestInstance"/>
  <testcase name="testMethod1" time="0.004" classname="com.test.testfactory.TestFactory$TestInstance"/>
  <testcase name="testMethod2" time="0.003" classname="com.test.testfactory.TestFactory$TestInstance"/>
  <testcase name="testMethod2" time="0.003" classname="com.test.testfactory.TestFactory$TestInstance"/>
  <testcase name="testMethod2" time="0.001" classname="com.test.testfactory.TestFactory$TestInstance"/>
</testsuite> <!-- com.test.testfactory.TestFactory$TestInstance -->
