<?xml version="1.0" encoding="UTF-8"?>
<!-- Generated by org.testng.reporters.JUnitReportReporter -->
<testsuite skipped="0" hostname="IBM651-PC0BY5PB" name="com.test.testscripts.TestNG_External_DataProvider" tests="4" failures="0" timestamp="18 Oct 2018 12:08:40 GMT" time="0.017" errors="0">
  <testcase name="LoginTest" time="0.003" classname="com.test.testscripts.TestNG_External_DataProvider"/>
  <testcase name="LoginTest" time="0.003" classname="com.test.testscripts.TestNG_External_DataProvider"/>
  <testcase name="LoginTest" time="0.008" classname="com.test.testscripts.TestNG_External_DataProvider"/>
  <testcase name="LoginTest" time="0.003" classname="com.test.testscripts.TestNG_External_DataProvider"/>
</testsuite> <!-- com.test.testscripts.TestNG_External_DataProvider -->
